1620203552 | http://mysite2.local:8080/index.php?id=gbook | /index.php?id=log
1620203553 | http://mysite2.local:8080/index.php?id=log | /index.php
1620203554 | http://mysite2.local:8080/index.php | /index.php?id=contact
1620203554 | http://mysite2.local:8080/index.php?id=contact | /index.php?id=about
1620203555 | http://mysite2.local:8080/index.php?id=about | /index.php?id=info
1620203555 | http://mysite2.local:8080/index.php?id=info | /index.php?id=gbook
1620203556 | http://mysite2.local:8080/index.php?id=gbook | /index.php?id=log
1620203564 | http://mysite2.local:8080/index.php?id=about | /index.php?id=log
1620203576 | http://mysite2.local:8080/index.php?id=about | /index.php?id=log
1620203579 | http://mysite2.local:8080/index.php?id=about | /index.php?id=log
1620203580 | http://mysite2.local:8080/index.php?id=about | /index.php?id=log
1620203581 | http://mysite2.local:8080/index.php?id=about | /index.php?id=log
1620203594 | http://mysite2.local:8080/index.php?id=about | /index.php?id=log
1620203595 | http://mysite2.local:8080/index.php?id=about | /index.php?id=log
1620273818 | http://mysite2.local:8080/ | /index.php?id=log
1620273823 | http://mysite2.local:8080/index.php?id=log | /index.php?id=contact
1620273852 | http://mysite2.local:8080/index.php?id=log | /index.php?id=contact
1620273852 | http://mysite2.local:8080/index.php?id=log | /index.php?id=contact
1620273853 | http://mysite2.local:8080/index.php?id=log | /index.php?id=contact
1620275936 | http://mysite2.local:8080/index.php?id=log | /index.php?id=contact
1620275936 | http://mysite2.local:8080/index.php?id=log | /index.php?id=contact
1620275936 | http://mysite2.local:8080/index.php?id=log | /index.php?id=contact
1620275937 | http://mysite2.local:8080/index.php?id=log | /index.php?id=contact
1620280159 | http://mysite2.local:8080/ | /index.php?id=log
1620280235 | http://mysite2.local:8080/index.php?id=log | /index.php?id=log
1620280236 | http://mysite2.local:8080/index.php?id=log | /index.php?id=log
1620280237 | http://mysite2.local:8080/index.php?id=log | /index.php?id=log
1620280237 | http://mysite2.local:8080/index.php?id=log | /index.php?id=log
1620280237 | http://mysite2.local:8080/index.php?id=log | /index.php?id=log
1620280237 | http://mysite2.local:8080/index.php?id=log | /index.php?id=log
1620280237 | http://mysite2.local:8080/index.php?id=log | /index.php?id=log
1620280237 | http://mysite2.local:8080/index.php?id=log | /index.php?id=log
1620280238 | http://mysite2.local:8080/index.php?id=log | /index.php?id=log
1620280238 | http://mysite2.local:8080/index.php?id=log | /index.php?id=log
1620280238 | http://mysite2.local:8080/index.php?id=log | /index.php?id=log
1620280238 | http://mysite2.local:8080/index.php?id=log | /index.php?id=log
1620280238 | http://mysite2.local:8080/index.php?id=log | /index.php?id=log
1620280240 | http://mysite2.local:8080/index.php?id=log | /index.php?id=log
1620280240 | http://mysite2.local:8080/index.php?id=log | /index.php?id=log
1620280240 | http://mysite2.local:8080/index.php?id=log | /index.php?id=log
1620280240 | http://mysite2.local:8080/index.php?id=log | /index.php?id=log
1620280241 | http://mysite2.local:8080/index.php?id=log | /index.php?id=log
1620280241 | http://mysite2.local:8080/index.php?id=log | /index.php?id=log
1620280241 | http://mysite2.local:8080/index.php?id=log | /index.php?id=log
1620280425 | http://mysite2.local:8080/index.php?id=log | /index.php?id=log
1620280425 | http://mysite2.local:8080/index.php?id=log | /index.php?id=log
1620280426 | http://mysite2.local:8080/index.php?id=log | /index.php?id=log
1620280462 | http://mysite2.local:8080/index.php?id=log | /index.php?id=log
1620280482 | http://mysite2.local:8080/index.php?id=contact | /index.php?id=log
1620280483 | http://mysite2.local:8080/index.php?id=contact | /index.php?id=log
1620280483 | http://mysite2.local:8080/index.php?id=contact | /index.php?id=log
1620283580 | http://mysite2.local:8080/ | /index.php?id=gbook
1620283631 | http://mysite2.local:8080/index.php?id=gbook | /index.php?id=gbook
1620283648 | http://mysite2.local:8080/index.php?id=info | /index.php?id=gbook
1620283662 | http://mysite2.local:8080/index.php?id=gbook | /index.php?id=info
1620283663 | http://mysite2.local:8080/index.php?id=info | /index.php?id=gbook
1620283664 | http://mysite2.local:8080/index.php?id=info | /index.php?id=gbook
1620284339 | http://mysite2.local:8080/index.php?id=info | /index.php?id=gbook
1620284340 | http://mysite2.local:8080/index.php?id=gbook | /index.php?id=gbook
1620284341 | http://mysite2.local:8080/index.php?id=gbook | /index.php?id=gbook
1620284341 | http://mysite2.local:8080/index.php?id=gbook | /index.php?id=gbook
1620284342 | http://mysite2.local:8080/index.php?id=gbook | /index.php?id=gbook
1620284345 | http://mysite2.local:8080/index.php?id=gbook | /index.php?id=gbook
1620284550 | http://mysite2.local:8080/index.php?id=info | /index.php?id=gbook
1620284583 | http://mysite2.local:8080/index.php?id=info | /index.php?id=gbook
1620284584 | http://mysite2.local:8080/index.php?id=info | /index.php?id=gbook
1620284584 | http://mysite2.local:8080/index.php?id=info | /index.php?id=gbook
1620284584 | http://mysite2.local:8080/index.php?id=info | /index.php?id=gbook
1620284584 | http://mysite2.local:8080/index.php?id=info | /index.php?id=gbook
1620284584 | http://mysite2.local:8080/index.php?id=info | /index.php?id=gbook
1620284585 | http://mysite2.local:8080/index.php?id=info | /index.php?id=gbook
1620284585 | http://mysite2.local:8080/index.php?id=info | /index.php?id=gbook
1620284585 | http://mysite2.local:8080/index.php?id=info | /index.php?id=gbook
1620284586 | http://mysite2.local:8080/index.php?id=info | /index.php?id=gbook
1620284586 | http://mysite2.local:8080/index.php?id=info | /index.php?id=gbook
1620284586 | http://mysite2.local:8080/index.php?id=info | /index.php?id=gbook
1620284586 | http://mysite2.local:8080/index.php?id=info | /index.php?id=gbook
1620284587 | http://mysite2.local:8080/index.php?id=info | /index.php?id=gbook
1620284587 | http://mysite2.local:8080/index.php?id=info | /index.php?id=gbook
1620284587 | http://mysite2.local:8080/index.php?id=info | /index.php?id=gbook
1620284587 | http://mysite2.local:8080/index.php?id=info | /index.php?id=gbook
1620284587 | http://mysite2.local:8080/index.php?id=info | /index.php?id=gbook
1620284588 | http://mysite2.local:8080/index.php?id=info | /index.php?id=gbook
1620284588 | http://mysite2.local:8080/index.php?id=info | /index.php?id=gbook
1620284588 | http://mysite2.local:8080/index.php?id=info | /index.php?id=gbook
1620284612 | http://mysite2.local:8080/index.php?id=info | /index.php?id=gbook
1620284879 | http://mysite2.local:8080/index.php?id=info | /index.php?id=gbook
1620284892 | http://mysite2.local:8080/index.php?id=info | /index.php?id=gbook
1620284893 | http://mysite2.local:8080/index.php?id=info | /index.php?id=gbook
1620284893 | http://mysite2.local:8080/index.php?id=info | /index.php?id=gbook
1620284893 | http://mysite2.local:8080/index.php?id=info | /index.php?id=gbook
1620284893 | http://mysite2.local:8080/index.php?id=info | /index.php?id=gbook
1620284893 | http://mysite2.local:8080/index.php?id=info | /index.php?id=gbook
1620284894 | http://mysite2.local:8080/index.php?id=info | /index.php?id=gbook
1620284894 | http://mysite2.local:8080/index.php?id=info | /index.php?id=gbook
1620284894 | http://mysite2.local:8080/index.php?id=info | /index.php?id=gbook
1620284894 | http://mysite2.local:8080/index.php?id=info | /index.php?id=gbook
1620284894 | http://mysite2.local:8080/index.php?id=info | /index.php?id=gbook
1620284894 | http://mysite2.local:8080/index.php?id=info | /index.php?id=gbook
1620284894 | http://mysite2.local:8080/index.php?id=info | /index.php?id=gbook
1620284894 | http://mysite2.local:8080/index.php?id=info | /index.php?id=gbook
1620284915 | http://mysite2.local:8080/index.php?id=info | /index.php?id=gbook
1620284915 | http://mysite2.local:8080/index.php?id=info | /index.php?id=gbook
1620284915 | http://mysite2.local:8080/index.php?id=info | /index.php?id=gbook
1620284915 | http://mysite2.local:8080/index.php?id=info | /index.php?id=gbook
1620284916 | http://mysite2.local:8080/index.php?id=info | /index.php?id=gbook
1620284916 | http://mysite2.local:8080/index.php?id=info | /index.php?id=gbook
1620284916 | http://mysite2.local:8080/index.php?id=info | /index.php?id=gbook
1620286683 | http://mysite2.local:8080/index.php?id=info | /index.php?id=gbook
1620286684 | http://mysite2.local:8080/index.php?id=info | /index.php?id=gbook
1620286684 | http://mysite2.local:8080/index.php?id=info | /index.php?id=gbook
1620286684 | http://mysite2.local:8080/index.php?id=info | /index.php?id=gbook
1620286684 | http://mysite2.local:8080/index.php?id=info | /index.php?id=gbook
1620286684 | http://mysite2.local:8080/index.php?id=info | /index.php?id=gbook
1620286684 | http://mysite2.local:8080/index.php?id=info | /index.php?id=gbook
1620286684 | http://mysite2.local:8080/index.php?id=info | /index.php?id=gbook
1620286685 | http://mysite2.local:8080/index.php?id=info | /index.php?id=gbook
1620286685 | http://mysite2.local:8080/index.php?id=info | /index.php?id=gbook
1620286685 | http://mysite2.local:8080/index.php?id=info | /index.php?id=gbook
1620286798 | http://mysite2.local:8080/index.php?id=info | /index.php?id=gbook
1620286799 | http://mysite2.local:8080/index.php?id=info | /index.php?id=gbook
1620286799 | http://mysite2.local:8080/index.php?id=info | /index.php?id=gbook
1620286799 | http://mysite2.local:8080/index.php?id=info | /index.php?id=gbook
1620286799 | http://mysite2.local:8080/index.php?id=info | /index.php?id=gbook
1620286800 | http://mysite2.local:8080/index.php?id=info | /index.php?id=gbook
1620286803 | http://mysite2.local:8080/index.php?id=info | /index.php?id=gbook
1620286803 | http://mysite2.local:8080/index.php?id=info | /index.php?id=gbook
1620286816 | http://mysite2.local:8080/index.php?id=info | /index.php?id=gbook
1620286968 | http://mysite2.local:8080/index.php?id=info | /index.php?id=gbook
1620287811 | http://mysite2.local:8080/index.php?id=info | /index.php?id=gbook
1620287812 | http://mysite2.local:8080/index.php?id=info | /index.php?id=gbook
1620287815 | http://mysite2.local:8080/index.php?id=info | /index.php?id=gbook
1620289316 | http://mysite2.local:8080/index.php?id=info | /index.php?id=gbook
1620289590 | http://mysite2.local:8080/index.php?id=info | /index.php?id=gbook
1620289590 | http://mysite2.local:8080/index.php?id=info | /index.php?id=gbook
1620289590 | http://mysite2.local:8080/index.php?id=info | /index.php?id=gbook
1620289755 | http://mysite2.local:8080/index.php?id=info | /index.php?id=gbook
1620290305 | http://mysite2.local:8080/index.php?id=gbook | /index.php?id=gbook
1620290641 | http://mysite2.local:8080/index.php?id=gbook | /index.php?id=gbook
1620290698 | http://mysite2.local:8080/index.php?id=gbook | /index.php?id=info
1620290698 | http://mysite2.local:8080/index.php?id=info | /index.php?id=gbook
1620290700 | http://mysite2.local:8080/index.php?id=info | /index.php?id=gbook
1620290775 | http://mysite2.local:8080/index.php?id=info | /index.php?id=gbook
